build/app/intermediates/manifest_merge_blame_file/debug/manifest-merger-blame-debug-report.txt
1<?xml version="1.0" encoding="utf-8"?>
2<manifest xmlns:android="http://schemas.android.com/apk/res/android"
3    package="comdesign.example.image_picker_test"
4    android:versionCode="1"
5    android:versionName="1.0.0" >
6
7    <uses-sdk
8        android:minSdkVersion="21"
9        android:targetSdkVersion="28" />
10    <!--
11         Flutter needs it to communicate with the running application
12         to allow setting breakpoints, to provide hot reload, etc.
13    -->
14    <uses-permission android:name="android.permission.INTERNET" />
14-->src\debug\AndroidManifest.xml:6:5-66
14-->src\debug\AndroidManifest.xml:6:22-64
15    <uses-permission android:name="android.permission.REQUEST_INSTALL_PACKAGES" />
15-->[:open_file] AndroidManifest.xml:8:5-83
15-->[:open_file] AndroidManifest.xml:8:22-80
16    <uses-permission android:name="android.permission.READ_EXTERNAL_STORAGE" />
16-->[:open_file] AndroidManifest.xml:9:5-80
16-->[:open_file] AndroidManifest.xml:9:22-77
17    <uses-permission android:name="android.permission.ACCESS_NETWORK_STATE" />
17-->[com.google.firebase:firebase-auth:21.0.1] AndroidManifest.xml:24:5-79
17-->[com.google.firebase:firebase-auth:21.0.1] AndroidManifest.xml:24:22-76
18    <!--
19 io.flutter.app.FlutterApplication is an android.app.Application that
20         calls FlutterMain.startInitialization(this); in its onCreate method.
21         In most cases you can leave this as-is, but you if you want to provide
22         additional functionality it is fine to subclass or reimplement
23         FlutterApplication and put your custom class here.
24    -->
25    <application
25-->src\main\AndroidManifest.xml:9:5-35:19
26        android:name="io.flutter.app.FlutterApplication"
26-->src\main\AndroidManifest.xml:10:9-57
27        android:appComponentFactory="androidx.core.app.CoreComponentFactory"
27-->[androidx.core:core:1.5.0] AndroidManifest.xml:24:18-86
28        android:debuggable="true"
29        android:icon="@mipmap/ic_launcher"
29-->src\main\AndroidManifest.xml:12:9-43
30        android:label="image_picker_test" >
30-->src\main\AndroidManifest.xml:11:9-42
31        <activity
31-->src\main\AndroidManifest.xml:13:9-25:20
32            android:name="comdesign.example.image_picker_test.MainActivity"
32-->src\main\AndroidManifest.xml:14:13-41
33            android:configChanges="orientation|keyboardHidden|keyboard|screenSize|smallestScreenSize|locale|layoutDirection|fontScale|screenLayout|density|uiMode"
33-->src\main\AndroidManifest.xml:18:13-163
34            android:hardwareAccelerated="true"
34-->src\main\AndroidManifest.xml:19:13-47
35            android:launchMode="singleTop"
35-->src\main\AndroidManifest.xml:15:13-43
36            android:theme="@style/LaunchTheme"
36-->src\main\AndroidManifest.xml:17:13-47
37            android:windowSoftInputMode="adjustResize" >
37-->src\main\AndroidManifest.xml:20:13-55
38            <intent-filter>
38-->src\main\AndroidManifest.xml:21:13-24:29
39                <action android:name="android.intent.action.MAIN" />
39-->src\main\AndroidManifest.xml:22:17-68
39-->src\main\AndroidManifest.xml:22:25-66
40
41                <category android:name="android.intent.category.LAUNCHER" />
41-->src\main\AndroidManifest.xml:23:17-76
41-->src\main\AndroidManifest.xml:23:27-74
42            </intent-filter>
43        </activity>
44        <activity
44-->src\main\AndroidManifest.xml:26:9-29:71
45            android:name="com.yalantis.ucrop.UCropActivity"
45-->src\main\AndroidManifest.xml:27:13-60
46            android:screenOrientation="portrait"
46-->src\main\AndroidManifest.xml:28:13-49
47            android:theme="@style/Theme.AppCompat.Light.NoActionBar" />
47-->src\main\AndroidManifest.xml:29:13-69
48        <!--
49             Don't delete the meta-data below.
50             This is used by the Flutter tool to generate GeneratedPluginRegistrant.java
51        -->
52        <meta-data
52-->src\main\AndroidManifest.xml:32:9-34:33
53            android:name="flutterEmbedding"
53-->src\main\AndroidManifest.xml:33:13-44
54            android:value="2" />
54-->src\main\AndroidManifest.xml:34:13-30
55
56        <service
56-->[:cloud_firestore] AndroidManifest.xml:8:9-12:19
57            android:name="com.google.firebase.components.ComponentDiscoveryService"
57-->[:cloud_firestore] AndroidManifest.xml:8:18-89
58            android:directBootAware="true"
58-->[com.google.firebase:firebase-common:20.0.0] AndroidManifest.xml:35:13-43
59            android:exported="false" >
59-->[com.google.firebase:firebase-auth:21.0.1] AndroidManifest.xml:76:13-37
60            <meta-data
60-->[:cloud_firestore] AndroidManifest.xml:9:13-11:85
61                android:name="com.google.firebase.components:io.flutter.plugins.firebase.firestore.FlutterFirebaseFirestoreRegistrar"
61-->[:cloud_firestore] AndroidManifest.xml:10:17-134
62                android:value="com.google.firebase.components.ComponentRegistrar" />
62-->[:cloud_firestore] AndroidManifest.xml:11:17-82
63            <meta-data
63-->[:firebase_auth] AndroidManifest.xml:9:13-11:85
64                android:name="com.google.firebase.components:io.flutter.plugins.firebase.auth.FlutterFirebaseAuthRegistrar"
64-->[:firebase_auth] AndroidManifest.xml:10:17-124
65                android:value="com.google.firebase.components.ComponentRegistrar" />
65-->[:firebase_auth] AndroidManifest.xml:11:17-82
66            <meta-data
66-->[:firebase_core] AndroidManifest.xml:9:13-11:85
67                android:name="com.google.firebase.components:io.flutter.plugins.firebase.core.FlutterFirebaseCoreRegistrar"
67-->[:firebase_core] AndroidManifest.xml:10:17-124
68                android:value="com.google.firebase.components.ComponentRegistrar" />
68-->[:firebase_core] AndroidManifest.xml:11:17-82
69            <meta-data
69-->[com.google.firebase:firebase-auth:21.0.1] AndroidManifest.xml:77:13-79:85
70                android:name="com.google.firebase.components:com.google.firebase.auth.FirebaseAuthRegistrar"
70-->[com.google.firebase:firebase-auth:21.0.1] AndroidManifest.xml:78:17-109
71                android:value="com.google.firebase.components.ComponentRegistrar" />
71-->[com.google.firebase:firebase-auth:21.0.1] AndroidManifest.xml:79:17-82
72            <meta-data
72-->[com.google.firebase:firebase-firestore:24.0.0] AndroidManifest.xml:20:13-22:85
73                android:name="com.google.firebase.components:com.google.firebase.firestore.FirestoreRegistrar"
73-->[com.google.firebase:firebase-firestore:24.0.0] AndroidManifest.xml:21:17-111
74                android:value="com.google.firebase.components.ComponentRegistrar" />
74-->[com.google.firebase:firebase-firestore:24.0.0] AndroidManifest.xml:22:17-82
75        </service>
76
77        <provider
77-->[:image_picker] AndroidManifest.xml:8:9-16:20
78            android:name="io.flutter.plugins.imagepicker.ImagePickerFileProvider"
78-->[:image_picker] AndroidManifest.xml:9:13-82
79            android:authorities="comdesign.example.image_picker_test.flutter.image_provider"
79-->[:image_picker] AndroidManifest.xml:10:13-74
80            android:exported="false"
80-->[:image_picker] AndroidManifest.xml:11:13-37
81            android:grantUriPermissions="true" >
81-->[:image_picker] AndroidManifest.xml:12:13-47
82            <meta-data
82-->[:image_picker] AndroidManifest.xml:13:13-15:75
83                android:name="android.support.FILE_PROVIDER_PATHS"
83-->[:image_picker] AndroidManifest.xml:14:17-67
84                android:resource="@xml/flutter_image_picker_file_paths" />
84-->[:image_picker] AndroidManifest.xml:15:17-72
85        </provider>
86        <provider
86-->[:open_file] AndroidManifest.xml:12:9-21:20
87            android:name="com.crazecoder.openfile.FileProvider"
87-->[:open_file] AndroidManifest.xml:13:13-64
88            android:authorities="comdesign.example.image_picker_test.fileProvider.com.crazecoder.openfile"
88-->[:open_file] AndroidManifest.xml:14:13-88
89            android:exported="false"
89-->[:open_file] AndroidManifest.xml:15:13-37
90            android:grantUriPermissions="true" >
90-->[:open_file] AndroidManifest.xml:16:13-47
91            <meta-data
91-->[:image_picker] AndroidManifest.xml:13:13-15:75
92                android:name="android.support.FILE_PROVIDER_PATHS"
92-->[:image_picker] AndroidManifest.xml:14:17-67
93                android:resource="@xml/filepaths" />
93-->[:image_picker] AndroidManifest.xml:15:17-72
94        </provider>
95
96        <activity
96-->[com.google.firebase:firebase-auth:21.0.1] AndroidManifest.xml:27:9-44:20
97            android:name="com.google.firebase.auth.internal.GenericIdpActivity"
97-->[com.google.firebase:firebase-auth:21.0.1] AndroidManifest.xml:28:13-80
98            android:excludeFromRecents="true"
98-->[com.google.firebase:firebase-auth:21.0.1] AndroidManifest.xml:29:13-46
99            android:exported="true"
99-->[com.google.firebase:firebase-auth:21.0.1] AndroidManifest.xml:30:13-36
100            android:launchMode="singleTask"
100-->[com.google.firebase:firebase-auth:21.0.1] AndroidManifest.xml:31:13-44
101            android:theme="@android:style/Theme.Translucent.NoTitleBar" >
101-->[com.google.firebase:firebase-auth:21.0.1] AndroidManifest.xml:32:13-72
102            <intent-filter>
102-->[com.google.firebase:firebase-auth:21.0.1] AndroidManifest.xml:33:13-43:29
103                <action android:name="android.intent.action.VIEW" />
103-->[com.google.firebase:firebase-auth:21.0.1] AndroidManifest.xml:34:17-69
103-->[com.google.firebase:firebase-auth:21.0.1] AndroidManifest.xml:34:25-66
104
105                <category android:name="android.intent.category.DEFAULT" />
105-->[com.google.firebase:firebase-auth:21.0.1] AndroidManifest.xml:36:17-76
105-->[com.google.firebase:firebase-auth:21.0.1] AndroidManifest.xml:36:27-73
106                <category android:name="android.intent.category.BROWSABLE" />
106-->[com.google.firebase:firebase-auth:21.0.1] AndroidManifest.xml:37:17-78
106-->[com.google.firebase:firebase-auth:21.0.1] AndroidManifest.xml:37:27-75
107
108                <data
108-->[com.google.firebase:firebase-auth:21.0.1] AndroidManifest.xml:39:17-42:51
109                    android:host="firebase.auth"
109-->[com.google.firebase:firebase-auth:21.0.1] AndroidManifest.xml:40:21-49
110                    android:path="/"
110-->[com.google.firebase:firebase-auth:21.0.1] AndroidManifest.xml:41:21-37
111                    android:scheme="genericidp" />
111-->[com.google.firebase:firebase-auth:21.0.1] AndroidManifest.xml:42:21-48
112            </intent-filter>
113        </activity>
114        <activity
114-->[com.google.firebase:firebase-auth:21.0.1] AndroidManifest.xml:45:9-62:20
115            android:name="com.google.firebase.auth.internal.RecaptchaActivity"
115-->[com.google.firebase:firebase-auth:21.0.1] AndroidManifest.xml:46:13-79
116            android:excludeFromRecents="true"
116-->[com.google.firebase:firebase-auth:21.0.1] AndroidManifest.xml:47:13-46
117            android:exported="true"
117-->[com.google.firebase:firebase-auth:21.0.1] AndroidManifest.xml:48:13-36
118            android:launchMode="singleTask"
118-->[com.google.firebase:firebase-auth:21.0.1] AndroidManifest.xml:49:13-44
119            android:theme="@android:style/Theme.Translucent.NoTitleBar" >
119-->[com.google.firebase:firebase-auth:21.0.1] AndroidManifest.xml:50:13-72
120            <intent-filter>
120-->[com.google.firebase:firebase-auth:21.0.1] AndroidManifest.xml:51:13-61:29
121                <action android:name="android.intent.action.VIEW" />
121-->[com.google.firebase:firebase-auth:21.0.1] AndroidManifest.xml:34:17-69
121-->[com.google.firebase:firebase-auth:21.0.1] AndroidManifest.xml:34:25-66
122
123                <category android:name="android.intent.category.DEFAULT" />
123-->[com.google.firebase:firebase-auth:21.0.1] AndroidManifest.xml:36:17-76
123-->[com.google.firebase:firebase-auth:21.0.1] AndroidManifest.xml:36:27-73
124                <category android:name="android.intent.category.BROWSABLE" />
124-->[com.google.firebase:firebase-auth:21.0.1] AndroidManifest.xml:37:17-78
124-->[com.google.firebase:firebase-auth:21.0.1] AndroidManifest.xml:37:27-75
125
126                <data
126-->[com.google.firebase:firebase-auth:21.0.1] AndroidManifest.xml:39:17-42:51
127                    android:host="firebase.auth"
127-->[com.google.firebase:firebase-auth:21.0.1] AndroidManifest.xml:40:21-49
128                    android:path="/"
128-->[com.google.firebase:firebase-auth:21.0.1] AndroidManifest.xml:41:21-37
129                    android:scheme="recaptcha" />
129-->[com.google.firebase:firebase-auth:21.0.1] AndroidManifest.xml:42:21-48
130            </intent-filter>
131        </activity>
132
133        <service
133-->[com.google.firebase:firebase-auth:21.0.1] AndroidManifest.xml:64:9-73:19
134            android:name="com.google.firebase.auth.api.fallback.service.FirebaseAuthFallbackService"
134-->[com.google.firebase:firebase-auth:21.0.1] AndroidManifest.xml:65:13-101
135            android:enabled="true"
135-->[com.google.firebase:firebase-auth:21.0.1] AndroidManifest.xml:66:13-35
136            android:exported="false" >
136-->[com.google.firebase:firebase-auth:21.0.1] AndroidManifest.xml:67:13-37
137            <intent-filter>
137-->[com.google.firebase:firebase-auth:21.0.1] AndroidManifest.xml:68:13-72:29
138                <action android:name="com.google.firebase.auth.api.gms.service.START" />
138-->[com.google.firebase:firebase-auth:21.0.1] AndroidManifest.xml:69:17-89
138-->[com.google.firebase:firebase-auth:21.0.1] AndroidManifest.xml:69:25-86
139
140                <category android:name="android.intent.category.DEFAULT" />
140-->[com.google.firebase:firebase-auth:21.0.1] AndroidManifest.xml:36:17-76
140-->[com.google.firebase:firebase-auth:21.0.1] AndroidManifest.xml:36:27-73
141            </intent-filter>
142        </service>
143
144        <provider
144-->[com.google.firebase:firebase-common:20.0.0] AndroidManifest.xml:26:9-31:39
145            android:name="com.google.firebase.provider.FirebaseInitProvider"
145-->[com.google.firebase:firebase-common:20.0.0] AndroidManifest.xml:27:13-77
146            android:authorities="comdesign.example.image_picker_test.firebaseinitprovider"
146-->[com.google.firebase:firebase-common:20.0.0] AndroidManifest.xml:28:13-72
147            android:directBootAware="true"
147-->[com.google.firebase:firebase-common:20.0.0] AndroidManifest.xml:29:13-43
148            android:exported="false"
148-->[com.google.firebase:firebase-common:20.0.0] AndroidManifest.xml:30:13-37
149            android:initOrder="100" />
149-->[com.google.firebase:firebase-common:20.0.0] AndroidManifest.xml:31:13-36
150
151        <activity
151-->[com.google.android.gms:play-services-base:17.1.0] AndroidManifest.xml:23:9-26:75
152            android:name="com.google.android.gms.common.api.GoogleApiActivity"
152-->[com.google.android.gms:play-services-base:17.1.0] AndroidManifest.xml:24:13-79
153            android:exported="false"
153-->[com.google.android.gms:play-services-base:17.1.0] AndroidManifest.xml:25:13-37
154            android:theme="@android:style/Theme.Translucent.NoTitleBar" />
154-->[com.google.android.gms:play-services-base:17.1.0] AndroidManifest.xml:26:13-72
155
156        <meta-data
156-->[com.google.android.gms:play-services-basement:17.1.0] AndroidManifest.xml:23:9-25:69
157            android:name="com.google.android.gms.version"
157-->[com.google.android.gms:play-services-basement:17.1.0] AndroidManifest.xml:24:13-58
158            android:value="@integer/google_play_services_version" />
158-->[com.google.android.gms:play-services-basement:17.1.0] AndroidManifest.xml:25:13-66
159    </application>
160
161</manifest>